mmal: Aborting program

./camera.sh: line 48: ifswebcam: command not found
./camera.sh: line 48: ifswebcam: command not found
./camera.sh: line 48: ifswebcam: command not found
./camera.sh: line 48: ifswebcam: command not found
./camera.sh: line 48: ifswebcam: command not found
./camera.sh: line 48: ifswebcam: command not found
./camera.sh: line 48: ifswebcam: command not found
./camera.sh: line 48: ifswebcam: command not found
./camera.sh: line 48: ifswebcam: command not found
./camera.sh: line 48: ifswebcam: command not found
./camera.sh: line 48: ifswebcam: command not found
./camera.sh: line 48: ifswebcam: command not found
./camera.sh: line 48: ifswebcam: command not found
./camera.sh: line 48: ifswebcam: command not found
./camera.sh: line 48: ifswebcam: command not found
./camera.sh: line 48: ifswebcam: command not found
./camera.sh: line 48: ifswebcam: command not found
./camera.sh: line 48: ifswebcam: command not found
./camera.sh: line 48: ifswebcam: command not found
./camera.sh: line 48: ifswebcam: command not found
./camera.sh: line 48: ifswebcam: command not found
./camera.sh: line 48: ifswebcam: command not found
./camera.sh: line 48: ifswebcam: command not found
./camera.sh: line 48: ifswebcam: command not found
./camera.sh: line 48: ifswebcam: command not found
./camera.sh: line 48: ifswebcam: command not found
./camera.sh: line 48: ifswebcam: command not found
./camera.sh: line 48: ifswebcam: command not found
./camera.sh: line 48: ifswebcam: command not found
./camera.sh: line 48: ifswebcam: command not found
./camera.sh: line 48: ifswebcam: command not found
mmal: Could not rename temp file to: /media/pi/OPTIMA/2019-04-16_211214.jpg; No such file or directory
./camera.sh: line 48: ifswebcam: command not found
./camera.sh: line 48: ifswebcam: command not found
./camera.sh: line 48: ifswebcam: command not found
./camera.sh: line 48: ifswebcam: command not found
./camera.sh: line 48: ifswebcam: command not found
./camera.sh: line 48: ifswebcam: command not found
./camera.sh: line 48: ifswebcam: command not found
./camera.sh: line 48: ifswebcam: command not found
./camera.sh: line 48: ifswebcam: command not found
./camera.sh: line 48: ifswebcam: command not found
./camera.sh: line 48: ifswebcam: command not found
./camera.sh: line 48: ifswebcam: command not found
./camera.sh: line 48: ifswebcam: command not found
./camera.sh: line 48: ifswebcam: command not found
./camera.sh: line 48: ifswebcam: command not found
./camera.sh: line 48: ifswebcam: command not found
./camera.sh: line 48: ifswebcam: command not found
./camera.sh: line 48: ifswebcam: command not found
./camera.sh: line 48: ifswebcam: command not found
./camera.sh: line 48: ifswebcam: command not found
./camera.sh: line 48: ifswebcam: command not found
./camera.sh: line 48: ifswebcam: command not found
./camera.sh: line 48: ifswebcam: command not found
./camera.sh: line 48: ifswebcam: command not found
./camera.sh: line 48: ifswebcam: command not found
./camera.sh: line 48: ifswebcam: command not found
./camera.sh: line 48: ifswebcam: command not found
./camera.sh: line 48: ifswebcam: command not found
./camera.sh: line 48: ifswebcam: command not found
./camera.sh: line 48: ifswebcam: command not found
./camera.sh: line 48: ifswebcam: command not found
./camera.sh: line 48: ifswebcam: command not found
./camera.sh: line 48: ifswebcam: command not found
./camera.sh: line 48: ifswebcam: command not found
./camera.sh: line 48: ifswebcam: command not found
./camera.sh: line 48: ifswebcam: command not found
./camera.sh: line 48: ifswebcam: command not found
./camera.sh: line 48: ifswebcam: command not found
./camera.sh: line 48: ifswebcam: command not found
./camera.sh: line 48: ifswebcam: command not found
./camera.sh: line 48: ifswebcam: command not found
./camera.sh: line 48: ifswebcam: command not found
./camera.sh: line 48: ifswebcam: command not found
./camera.sh: line 48: ifswebcam: command not found
./camera.sh: line 48: ifswebcam: command not found
./camera.sh: line 48: ifswebcam: command not found
./camera.sh: line 48: ifswebcam: command not found
./camera.sh: line 48: ifswebcam: command not found
./camera.sh: line 48: ifswebcam: command not found
./camera.sh: line 48: ifswebcam: command not found
./camera.sh: line 48: ifswebcam: command not found
./camera.sh: line 48: ifswebcam: command not found
./camera.sh: line 48: ifswebcam: command not found
./camera.sh: line 48: ifswebcam: command not found
./camera.sh: line 48: ifswebcam: command not found
./camera.sh: line 48: ifswebcam: command not found
./camera.sh: line 48: ifswebcam: command not found
./camera.sh: line 48: ifswebcam: command not found
./camera.sh: line 48: ifswebcam: command not found
./camera.sh: line 48: ifswebcam: command not found
./camera.sh: line 48: ifswebcam: command not found
./camera.sh: line 48: ifswebcam: command not found
./camera.sh: line 48: ifswebcam: command not found
./camera.sh: line 48: ifswebcam: command not found
./camera.sh: line 48: ifswebcam: command not found
./camera.sh: line 48: ifswebcam: command not found
./camera.sh: line 48: ifswebcam: command not found
./camera.sh: line 48: ifswebcam: command not found
mmal: mmal_vc_component_enable: failed to enable component: ENOSPC
mmal: camera component couldn't be enabled
mmal: main: Failed to create camera component
mmal: Failed to run camera app. Please check for firmware updates

./camera.sh: line 48: ifswebcam: command not found
./camera.sh: line 48: ifswebcam: command not found
mmal: mmal_vc_component_enable: failed to enable component: ENOSPC
mmal: camera component couldn't be enabled
mmal: main: Failed to create camera component
mmal: Failed to run camera app. Please check for firmware updates

./camera.sh: line 48: ifswebcam: command not found
./camera.sh: line 48: ifswebcam: command not found
./camera.sh: line 48: ifswebcam: command not found
./camera.sh: line 48: ifswebcam: command not found
./camera.sh: line 48: ifswebcam: command not found
./camera.sh: line 48: ifswebcam: command not found
./camera.sh: line 48: ifswebcam: command not found
./camera.sh: line 48: ifswebcam: command not found
./camera.sh: line 48: ifswebcam: command not found
./camera.sh: line 48: ifswebcam: command not found
mmal: mmal_vc_component_enable: failed to enable component: ENOSPC
mmal: camera component couldn't be enabled
mmal: main: Failed to create camera component
mmal: Failed to run camera app. Please check for firmware updates

./camera.sh: line 48: ifswebcam: command not found
./camera.sh: line 48: ifswebcam: command not found
[1m--- Opening /dev/video0...
[0m[0mTrying source module v4l2...
[0m[0m/dev/video0 opened.
[0m[0mNo input was specified, using the first.
[0m[1m--- Capturing frame...
[0m[0mCaptured frame in 0.00 seconds.
[0m[1m--- Processing captured image...
[0m[0mDisabling banner.
[0m[0mWriting JPEG image to '/media/pi/OPTIMA/webcam_2019-04-16_213906.jpg'.
[0m[1m--- Opening /dev/video0...
[0m[0mTrying source module v4l2...
[0m[0m/dev/video0 opened.
[0m[0mNo input was specified, using the first.
[0m[1m--- Capturing frame...
[0m[0mCaptured frame in 0.00 seconds.
[0m[1m--- Processing captured image...
[0m[0mDisabling banner.
[0m[0mWriting JPEG image to '/media/pi/OPTIMA/webcam_2019-04-16_213930.jpg'.
[0m[1m--- Opening /dev/video0...
[0m[0mTrying source module v4l2...
[0m[0m/dev/video0 opened.
[0m[0mNo input was specified, using the first.
[0m[1m--- Capturing frame...
[0m[0mCaptured frame in 0.00 seconds.
[0m[1m--- Processing captured image...
[0m[0mDisabling banner.
[0m[0mWriting JPEG image to '/media/pi/OPTIMA/webcam_2019-04-16_213953.jpg'.
[0m[1m--- Opening /dev/video0...
[0m[0mTrying source module v4l2...
[0m[0m/dev/video0 opened.
[0m[0mNo input was specified, using the first.
[0m[1m--- Capturing frame...
[0m[0mCaptured frame in 0.00 seconds.
[0m[1m--- Processing captured image...
[0m[0mDisabling banner.
[0m[0mWriting JPEG image to '/media/pi/OPTIMA/webcam_2019-04-16_214017.jpg'.
[0m[1m--- Opening /dev/video0...
[0m[0mTrying source module v4l2...
[0m[0m/dev/video0 opened.
[0m[0mNo input was specified, using the first.
[0m[1m--- Capturing frame...
[0m[0mCaptured frame in 0.00 seconds.
[0m[1m--- Processing captured image...
[0m[0mDisabling banner.
[0m[0mWriting JPEG image to '/media/pi/OPTIMA/webcam_2019-04-16_214042.jpg'.
[0m[1m--- Opening /dev/video0...
[0m[0mTrying source module v4l2...
[0m[0m/dev/video0 opened.
[0m[0mNo input was specified, using the first.
[0m[1m--- Capturing frame...
[0m[0mCaptured frame in 0.00 seconds.
[0m[1m--- Processing captured image...
[0m[0mDisabling banner.
[0m[0mWriting JPEG image to '/media/pi/OPTIMA/webcam_2019-04-16_214106.jpg'.
[0m[1m--- Opening /dev/video0...
[0m[0mTrying source module v4l2...
[0m[0m/dev/video0 opened.
[0m[0mNo input was specified, using the first.
[0m[1m--- Capturing frame...
[0m[0mCaptured frame in 0.00 seconds.
[0m[1m--- Processing captured image...
[0m[0mDisabling banner.
[0m[0mWriting JPEG image to '/media/pi/OPTIMA/webcam_2019-04-16_214130.jpg'.
[0m[1m--- Opening /dev/video0...
[0m[0mTrying source module v4l2...
[0m[0m/dev/video0 opened.
[0m[0mNo input was specified, using the first.
[0m[1m--- Capturing frame...
[0m[0mCaptured frame in 0.00 seconds.
[0m[1m--- Processing captured image...
[0m[0mDisabling banner.
[0m[0mWriting JPEG image to '/media/pi/OPTIMA/webcam_2019-04-16_214154.jpg'.
[0m[1m--- Opening /dev/video0...
[0m[0mTrying source module v4l2...
[0m[0m/dev/video0 opened.
[0m[0mNo input was specified, using the first.
[0m[1m--- Capturing frame...
[0m[0mCaptured frame in 0.00 seconds.
[0m[1m--- Processing captured image...
[0m[0mDisabling banner.
[0m[0mWriting JPEG image to '/media/pi/OPTIMA/webcam_2019-04-16_214218.jpg'.
[0m[1m--- Opening /dev/video0...
[0m[0mTrying source module v4l2...
[0m[0m/dev/video0 opened.
[0m[0mNo input was specified, using the first.
[0m[1m--- Capturing frame...
[0m[0mCaptured frame in 0.00 seconds.
[0m[1m--- Processing captured image...
[0m[0mDisabling banner.
[0m[0mWriting JPEG image to '/media/pi/OPTIMA/webcam_2019-04-16_214242.jpg'.
[0m[1m--- Opening /dev/video0...
[0m[0mTrying source module v4l2...
[0m[0m/dev/video0 opened.
[0m[0mNo input was specified, using the first.
[0m[1m--- Capturing frame...
[0m[0mCaptured frame in 0.00 seconds.
[0m[1m--- Processing captured image...
[0m[0mDisabling banner.
[0m[0mWriting JPEG image to '/media/pi/OPTIMA/webcam_2019-04-16_214306.jpg'.
[0m[1m--- Opening /dev/video0...
[0m[0mTrying source module v4l2...
[0m[0m/dev/video0 opened.
[0m[0mNo input was specified, using the first.
[0m[1m--- Capturing frame...
[0m[0mCaptured frame in 0.00 seconds.
[0m[1m--- Processing captured image...
[0m[0mDisabling banner.
[0m[0mWriting JPEG image to '/media/pi/OPTIMA/webcam_2019-04-16_214330.jpg'.
[0m[1m--- Opening /dev/video0...
[0m[0mTrying source module v4l2...
[0m[0m/dev/video0 opened.
[0m[0mNo input was specified, using the first.
[0m[1m--- Capturing frame...
[0m[0mCaptured frame in 0.00 seconds.
[0m[1m--- Processing captured image...
[0m[0mDisabling banner.
[0m[0mWriting JPEG image to '/media/pi/OPTIMA/webcam_2019-04-16_214354.jpg'.
[0m[1m--- Opening /dev/video0...
[0m[0mTrying source module v4l2...
[0m[0m/dev/video0 opened.
[0m[0mNo input was specified, using the first.
[0m[1m--- Capturing frame...
[0m[0mCaptured frame in 0.00 seconds.
[0m[1m--- Processing captured image...
[0m[0mDisabling banner.
[0m[0mWriting JPEG image to '/media/pi/OPTIMA/webcam_2019-04-16_214418.jpg'.
[0m[1m--- Opening /dev/video0...
[0m[0mTrying source module v4l2...
[0m[0m/dev/video0 opened.
[0m[0mNo input was specified, using the first.
[0m[1m--- Capturing frame...
[0m[0mCaptured frame in 0.00 seconds.
[0m[1m--- Processing captured image...
[0m[0mDisabling banner.
[0m[0mWriting JPEG image to '/media/pi/OPTIMA/webcam_2019-04-16_214442.jpg'.
[0m[1m--- Opening /dev/video0...
[0m[0mTrying source module v4l2...
[0m[0m/dev/video0 opened.
[0m[0mNo input was specified, using the first.
[0m[1m--- Capturing frame...
[0m[0mCaptured frame in 0.00 seconds.
[0m[1m--- Processing captured image...
[0m[0mDisabling banner.
[0m[0mWriting JPEG image to '/media/pi/OPTIMA/webcam_2019-04-16_214505.jpg'.
[0m[1m--- Opening /dev/video0...
[0m[0mTrying source module v4l2...
[0m[0m/dev/video0 opened.
[0m[0mNo input was specified, using the first.
[0m[1m--- Capturing frame...
[0m[0mCaptured frame in 0.00 seconds.
[0m[1m--- Processing captured image...
[0m[0mDisabling banner.
[0m[0mWriting JPEG image to '/media/pi/OPTIMA/webcam_2019-04-16_214529.jpg'.
[0m[1m--- Opening /dev/video0...
[0m[0mTrying source module v4l2...
[0m[0m/dev/video0 opened.
[0m[0mNo input was specified, using the first.
[0m[1m--- Capturing frame...
[0m[0mCaptured frame in 0.00 seconds.
[0m[1m--- Processing captured image...
[0m[0mDisabling banner.
[0m[0mWriting JPEG image to '/media/pi/OPTIMA/webcam_2019-04-16_214553.jpg'.
[0m[1m--- Opening /dev/video0...
[0m[0mTrying source module v4l2...
[0m[0m/dev/video0 opened.
[0m[0mNo input was specified, using the first.
[0m[1m--- Capturing frame...
[0m[0mCaptured frame in 0.00 seconds.
[0m[1m--- Processing captured image...
[0m[0mDisabling banner.
[0m[0mWriting JPEG image to '/media/pi/OPTIMA/webcam_2019-04-16_214617.jpg'.
[0m[1m--- Opening /dev/video0...
[0m[0mTrying source module v4l2...
[0m[0m/dev/video0 opened.
[0m[0mNo input was specified, using the first.
[0m[1m--- Capturing frame...
[0m[0mCaptured frame in 0.00 seconds.
[0m[1m--- Processing captured image...
[0m[0mDisabling banner.
[0m[0mWriting JPEG image to '/media/pi/OPTIMA/webcam_2019-04-16_214642.jpg'.
[0m[1m--- Opening /dev/video0...
[0m[0mTrying source module v4l2...
[0m[0m/dev/video0 opened.
[0m[0mNo input was specified, using the first.
[0m[1m--- Capturing frame...
[0m[0mCaptured frame in 0.00 seconds.
[0m[1m--- Processing captured image...
[0m[0mDisabling banner.
[0m[0mWriting JPEG image to '/media/pi/OPTIMA/webcam_2019-04-16_214705.jpg'.
[0m[1m--- Opening /dev/video0...
[0m[0mTrying source module v4l2...
[0m[0m/dev/video0 opened.
[0m[0mNo input was specified, using the first.
[0m[1m--- Capturing frame...
[0m[0mCaptured frame in 0.00 seconds.
[0m[1m--- Processing captured image...
[0m[0mDisabling banner.
[0m[0mWriting JPEG image to '/media/pi/OPTIMA/webcam_2019-04-16_214729.jpg'.
[0m[1m--- Opening /dev/video0...
[0m[0mTrying source module v4l2...
[0m[0m/dev/video0 opened.
[0m[0mNo input was specified, using the first.
[0m[1m--- Capturing frame...
[0m[0mCaptured frame in 0.00 seconds.
[0m[1m--- Processing captured image...
[0m[0mDisabling banner.
[0m[0mWriting JPEG image to '/media/pi/OPTIMA/webcam_2019-04-16_214753.jpg'.
[0m[1m--- Opening /dev/video0...
[0m[0mTrying source module v4l2...
[0m[0m/dev/video0 opened.
[0m[0mNo input was specified, using the first.
[0m[1m--- Capturing frame...
[0m[0mCaptured frame in 0.00 seconds.
[0m[1m--- Processing captured image...
[0m[0mDisabling banner.
[0m[0mWriting JPEG image to '/media/pi/OPTIMA/webcam_2019-04-16_214817.jpg'.
[0m[1m--- Opening /dev/video0...
[0m[0mTrying source module v4l2...
[0m[0m/dev/video0 opened.
[0m[0mNo input was specified, using the first.
[0m[1m--- Capturing frame...
[0m[0mCaptured frame in 0.00 seconds.
[0m[1m--- Processing captured image...
[0m[0mDisabling banner.
[0m[0mWriting JPEG image to '/media/pi/OPTIMA/webcam_2019-04-16_214842.jpg'.
[0m[1m--- Opening /dev/video0...
[0m[0mTrying source module v4l2...
[0m[0m/dev/video0 opened.
[0m[0mNo input was specified, using the first.
[0m[1m--- Capturing frame...
[0m[0mCaptured frame in 0.00 seconds.
[0m[1m--- Processing captured image...
[0m[0mDisabling banner.
[0m[0mWriting JPEG image to '/media/pi/OPTIMA/webcam_2019-04-16_214906.jpg'.
[0m[1m--- Opening /dev/video0...
[0m[0mTrying source module v4l2...
[0m[0m/dev/video0 opened.
[0m[0mNo input was specified, using the first.
[0m[1m--- Capturing frame...
[0m[0mCaptured frame in 0.00 seconds.
[0m[1m--- Processing captured image...
[0m[0mDisabling banner.
[0m[0mWriting JPEG image to '/media/pi/OPTIMA/webcam_2019-04-16_214928.jpg'.
[0m[1m--- Opening /dev/video0...
[0m[0mTrying source module v4l2...
[0m[0m/dev/video0 opened.
[0m[0mNo input was specified, using the first.
[0m[1m--- Capturing frame...
[0m[0mCaptured frame in 0.00 seconds.
[0m[1m--- Processing captured image...
[0m[0mDisabling banner.
[0m[0mWriting JPEG image to '/media/pi/OPTIMA/webcam_2019-04-16_214953.jpg'.
[0m[1m--- Opening /dev/video0...
[0m[0mTrying source module v4l2...
[0m[0m/dev/video0 opened.
[0m[0mNo input was specified, using the first.
[0m[1m--- Capturing frame...
[0m[0mCaptured frame in 0.00 seconds.
[0m[1m--- Processing captured image...
[0m[0mDisabling banner.
[0m[0mWriting JPEG image to '/media/pi/OPTIMA/webcam_2019-04-16_215017.jpg'.
[0m[1m--- Opening /dev/video0...
[0m[0mTrying source module v4l2...
[0m[0m/dev/video0 opened.
[0m[0mNo input was specified, using the first.
[0m[1m--- Capturing frame...
[0m[0mCaptured frame in 0.00 seconds.
[0m[1m--- Processing captured image...
[0m[0mDisabling banner.
[0m[0mWriting JPEG image to '/media/pi/OPTIMA/webcam_2019-04-16_215041.jpg'.
[0m[1m--- Opening /dev/video0...
[0m[0mTrying source module v4l2...
[0m[0m/dev/video0 opened.
[0m[0mNo input was specified, using the first.
[0m[1m--- Capturing frame...
[0m[0mCaptured frame in 0.00 seconds.
[0m[1m--- Processing captured image...
[0m[0mDisabling banner.
[0m[0mWriting JPEG image to '/media/pi/OPTIMA/webcam_2019-04-16_215106.jpg'.
[0m[1m--- Opening /dev/video0...
[0m[0mTrying source module v4l2...
[0m[0m/dev/video0 opened.
[0m[0mNo input was specified, using the first.
[0m[1m--- Capturing frame...
[0m[0mCaptured frame in 0.00 seconds.
[0m[1m--- Processing captured image...
[0m[0mDisabling banner.
[0m[0mWriting JPEG image to '/media/pi/OPTIMA/webcam_2019-04-16_215130.jpg'.
[0m[1m--- Opening /dev/video0...
[0m[0mTrying source module v4l2...
[0m[0m/dev/video0 opened.
[0m[0mNo input was specified, using the first.
[0m[1m--- Capturing frame...
[0m[0mCaptured frame in 0.00 seconds.
[0m[1m--- Processing captured image...
[0m[0mDisabling banner.
[0m[0mWriting JPEG image to '/media/pi/OPTIMA/webcam_2019-04-16_215154.jpg'.
[0m[1m--- Opening /dev/video0...
[0m[0mTrying source module v4l2...
[0m[0m/dev/video0 opened.
[0m[0mNo input was specified, using the first.
[0m[1m--- Capturing frame...
[0m[0mCaptured frame in 0.00 seconds.
[0m[1m--- Processing captured image...
[0m[0mDisabling banner.
[0m[0mWriting JPEG image to '/media/pi/OPTIMA/webcam_2019-04-16_215218.jpg'.
[0m[1m--- Opening /dev/video0...
[0m[0mTrying source module v4l2...
[0m[0m/dev/video0 opened.
[0m[0mNo input was specified, using the first.
[0m[1m--- Capturing frame...
[0m[0mCaptured frame in 0.00 seconds.
[0m[1m--- Processing captured image...
[0m[0mDisabling banner.
[0m[0mWriting JPEG image to '/media/pi/OPTIMA/webcam_2019-04-16_215242.jpg'.
[0m[1m--- Opening /dev/video0...
[0m[0mTrying source module v4l2...
[0m[0m/dev/video0 opened.
[0m[0mNo input was specified, using the first.
[0m[1m--- Capturing frame...
[0m[0mCaptured frame in 0.00 seconds.
[0m[1m--- Processing captured image...
[0m[0mDisabling banner.
[0m[0mWriting JPEG image to '/media/pi/OPTIMA/webcam_2019-04-16_215306.jpg'.
[0m[1m--- Opening /dev/video0...
[0m[0mTrying source module v4l2...
[0m[0m/dev/video0 opened.
[0m[0mNo input was specified, using the first.
[0m[1m--- Capturing frame...
[0m[0mCaptured frame in 0.00 seconds.
[0m[1m--- Processing captured image...
[0m[0mDisabling banner.
[0m[0mWriting JPEG image to '/media/pi/OPTIMA/webcam_2019-04-16_215330.jpg'.
[0m[1m--- Opening /dev/video0...
[0m[0mTrying source module v4l2...
[0m[0m/dev/video0 opened.
[0m[0mNo input was specified, using the first.
[0m[1m--- Capturing frame...
[0m[0mCaptured frame in 0.00 seconds.
[0m[1m--- Processing captured image...
[0m[0mDisabling banner.
[0m[0mWriting JPEG image to '/media/pi/OPTIMA/webcam_2019-04-16_215355.jpg'.
[0m[1m--- Opening /dev/video0...
[0m[0mTrying source module v4l2...
[0m[0m/dev/video0 opened.
[0m[0mNo input was specified, using the first.
[0m[1m--- Capturing frame...
[0m[0mCaptured frame in 0.00 seconds.
[0m[1m--- Processing captured image...
[0m[0mDisabling banner.
[0m[0mWriting JPEG image to '/media/pi/OPTIMA/webcam_2019-04-16_215419.jpg'.
[0m[1m--- Opening /dev/video0...
[0m[0mTrying source module v4l2...
[0m[0m/dev/video0 opened.
[0m[0mNo input was specified, using the first.
[0m[1m--- Capturing frame...
[0m[0mCaptured frame in 0.00 seconds.
[0m[1m--- Processing captured image...
[0m[0mDisabling banner.
[0m[0mWriting JPEG image to '/media/pi/OPTIMA/webcam_2019-04-16_215443.jpg'.
[0m[1m--- Opening /dev/video0...
[0m[0mTrying source module v4l2...
[0m[0m/dev/video0 opened.
[0m[0mNo input was specified, using the first.
[0m[1m--- Capturing frame...
[0m[0mCaptured frame in 0.00 seconds.
[0m[1m--- Processing captured image...
[0m[0mDisabling banner.
[0m[0mWriting JPEG image to '/media/pi/OPTIMA/webcam_2019-04-16_215507.jpg'.
[0m[1m--- Opening /dev/video0...
[0m[0mTrying source module v4l2...
[0m[0m/dev/video0 opened.
[0m[0mNo input was specified, using the first.
[0m[1m--- Capturing frame...
[0m[0mCaptured frame in 0.00 seconds.
[0m[1m--- Processing captured image...
[0m[0mDisabling banner.
[0m[0mWriting JPEG image to '/media/pi/OPTIMA/webcam_2019-04-16_215531.jpg'.
[0m[1m--- Opening /dev/video0...
[0m[0mTrying source module v4l2...
[0m[0m/dev/video0 opened.
[0m[0mNo input was specified, using the first.
[0m[1m--- Capturing frame...
[0m[0mCaptured frame in 0.00 seconds.
[0m[1m--- Processing captured image...
[0m[0mDisabling banner.
[0m[0mWriting JPEG image to '/media/pi/OPTIMA/webcam_2019-04-16_215555.jpg'.
[0m[1m--- Opening /dev/video0...
[0m[0mTrying source module v4l2...
[0m[0m/dev/video0 opened.
[0m[0mNo input was specified, using the first.
[0m[1m--- Capturing frame...
[0m[0mCaptured frame in 0.00 seconds.
[0m[1m--- Processing captured image...
[0m[0mDisabling banner.
[0m[0mWriting JPEG image to '/media/pi/OPTIMA/webcam_2019-04-16_215619.jpg'.
[0m[1m--- Opening /dev/video0...
[0m[0mTrying source module v4l2...
[0m[0m/dev/video0 opened.
[0m[0mNo input was specified, using the first.
[0m[1m--- Capturing frame...
[0m[0mCaptured frame in 0.00 seconds.
[0m[1m--- Processing captured image...
[0m[0mDisabling banner.
[0m[0mWriting JPEG image to '/media/pi/OPTIMA/webcam_2019-04-16_215643.jpg'.
[0m[1m--- Opening /dev/video0...
[0m[0mTrying source module v4l2...
[0m[0m/dev/video0 opened.
[0m[0mNo input was specified, using the first.
[0m[1m--- Capturing frame...
[0m[0mCaptured frame in 0.00 seconds.
[0m[1m--- Processing captured image...
[0m[0mDisabling banner.
[0m[0mWriting JPEG image to '/media/pi/OPTIMA/webcam_2019-04-16_215708.jpg'.
[0m[1m--- Opening /dev/video0...
[0m[0mTrying source module v4l2...
[0m[0m/dev/video0 opened.
[0m[0mNo input was specified, using the first.
[0m[1m--- Capturing frame...
[0m[0mCaptured frame in 0.00 seconds.
[0m[1m--- Processing captured image...
[0m[0mDisabling banner.
[0m[0mWriting JPEG image to '/media/pi/OPTIMA/webcam_2019-04-16_215732.jpg'.
[0m[1m--- Opening /dev/video0...
[0m[0mTrying source module v4l2...
[0m[0m/dev/video0 opened.
[0m[0mNo input was specified, using the first.
[0m[1m--- Capturing frame...
[0m[0mCaptured frame in 0.00 seconds.
[0m[1m--- Processing captured image...
[0m[0mDisabling banner.
[0m[0mWriting JPEG image to '/media/pi/OPTIMA/webcam_2019-04-16_215756.jpg'.
[0m[1m--- Opening /dev/video0...
[0m[0mTrying source module v4l2...
[0m[0m/dev/video0 opened.
[0m[0mNo input was specified, using the first.
[0m[1m--- Capturing frame...
[0m[0mCaptured frame in 0.00 seconds.
[0m[1m--- Processing captured image...
[0m[0mDisabling banner.
[0m[0mWriting JPEG image to '/media/pi/OPTIMA/webcam_2019-04-16_215820.jpg'.
[0m[1m--- Opening /dev/video0...
[0m[0mTrying source module v4l2...
[0m[0m/dev/video0 opened.
[0m[0mNo input was specified, using the first.
[0m[1m--- Capturing frame...
[0m[0mCaptured frame in 0.00 seconds.
[0m[1m--- Processing captured image...
[0m[0mDisabling banner.
[0m[0mWriting JPEG image to '/media/pi/OPTIMA/webcam_2019-04-16_215844.jpg'.
[0m[1m--- Opening /dev/video0...
[0m[0mTrying source module v4l2...
[0m[0m/dev/video0 opened.
[0m[0mNo input was specified, using the first.
[0m[1m--- Capturing frame...
[0m[0mCaptured frame in 0.00 seconds.
[0m[1m--- Processing captured image...
[0m[0mDisabling banner.
[0m[0mWriting JPEG image to '/media/pi/OPTIMA/webcam_2019-04-16_215908.jpg'.
[0m[1m--- Opening /dev/video0...
[0m[0mTrying source module v4l2...
[0m[0m/dev/video0 opened.
[0m[0mNo input was specified, using the first.
[0m[1m--- Capturing frame...
[0m[0mCaptured frame in 0.00 seconds.
[0m[1m--- Processing captured image...
[0m[0mDisabling banner.
[0m[0mWriting JPEG image to '/media/pi/OPTIMA/webcam_2019-04-16_215932.jpg'.
[0m